CRITICAL - 2024-06-03 00:13:34 --> ErrorException: Undefined array key "total-price"
[Method: GET, Route: dashboard]
in APPPATH\Views\pages\admindashboard.php on line 72.
 1 APPPATH\Views\pages\admindashboard.php(72): CodeIgniter\Debug\Exceptions->errorHandler(2, 'Undefined array key "total-price"', 'C:\\xampp\\htdocs\\projectuas\\ci4\\app\\Views\\pages\\admindashboard.php', 72)
 2 SYSTEMPATH\View\View.php(234): include('C:\\xampp\\htdocs\\projectuas\\ci4\\app\\Views\\pages\\admindashboard.php')
 3 SYSTEMPATH\View\View.php(237): CodeIgniter\View\View->CodeIgniter\View\{closure}()
 4 SYSTEMPATH\Common.php(1171): CodeIgniter\View\View->render('pages/admindashboard', [], true)
 5 APPPATH\Controllers\users\Order.php(20): view('pages/admindashboard', [...])
 6 SYSTEMPATH\CodeIgniter.php(933): App\Controllers\users\Order->index()
 7 SYSTEMPATH\CodeIgniter.php(509): CodeIgniter\CodeIgniter->runController(Object(App\Controllers\users\Order))
 8 SYSTEMPATH\CodeIgniter.php(355): CodeIgniter\CodeIgniter->handleRequest(null, Object(Config\Cache), false)
 9 SYSTEMPATH\Boot.php(312): CodeIgniter\CodeIgniter->run()
10 SYSTEMPATH\Boot.php(67): CodeIgniter\Boot::runCodeIgniter(Object(CodeIgniter\CodeIgniter))
11 FCPATH\index.php(56): CodeIgniter\Boot::bootWeb(Object(Config\Paths))
12 SYSTEMPATH\Commands\Server\rewrite.php(49): require_once('C:\\xampp\\htdocs\\projectuas\\ci4\\public\\index.php')
CRITICAL - 2024-06-03 00:15:47 --> ErrorException: Undefined array key "total-prices"
[Method: GET, Route: dashboard]
in APPPATH\Views\pages\admindashboard.php on line 71.
 1 APPPATH\Views\pages\admindashboard.php(71): CodeIgniter\Debug\Exceptions->errorHandler(2, 'Undefined array key "total-prices"', 'C:\\xampp\\htdocs\\projectuas\\ci4\\app\\Views\\pages\\admindashboard.php', 71)
 2 SYSTEMPATH\View\View.php(234): include('C:\\xampp\\htdocs\\projectuas\\ci4\\app\\Views\\pages\\admindashboard.php')
 3 SYSTEMPATH\View\View.php(237): CodeIgniter\View\View->CodeIgniter\View\{closure}()
 4 SYSTEMPATH\Common.php(1171): CodeIgniter\View\View->render('pages/admindashboard', [], true)
 5 APPPATH\Controllers\users\Order.php(20): view('pages/admindashboard', [...])
 6 SYSTEMPATH\CodeIgniter.php(933): App\Controllers\users\Order->index()
 7 SYSTEMPATH\CodeIgniter.php(509): CodeIgniter\CodeIgniter->runController(Object(App\Controllers\users\Order))
 8 SYSTEMPATH\CodeIgniter.php(355): CodeIgniter\CodeIgniter->handleRequest(null, Object(Config\Cache), false)
 9 SYSTEMPATH\Boot.php(312): CodeIgniter\CodeIgniter->run()
10 SYSTEMPATH\Boot.php(67): CodeIgniter\Boot::runCodeIgniter(Object(CodeIgniter\CodeIgniter))
11 FCPATH\index.php(56): CodeIgniter\Boot::bootWeb(Object(Config\Paths))
12 SYSTEMPATH\Commands\Server\rewrite.php(49): require_once('C:\\xampp\\htdocs\\projectuas\\ci4\\public\\index.php')
CRITICAL - 2024-06-03 00:16:28 --> ErrorException: Undefined array key "total_prices"
[Method: GET, Route: dashboard]
in APPPATH\Views\pages\admindashboard.php on line 71.
 1 APPPATH\Views\pages\admindashboard.php(71): CodeIgniter\Debug\Exceptions->errorHandler(2, 'Undefined array key "total_prices"', 'C:\\xampp\\htdocs\\projectuas\\ci4\\app\\Views\\pages\\admindashboard.php', 71)
 2 SYSTEMPATH\View\View.php(234): include('C:\\xampp\\htdocs\\projectuas\\ci4\\app\\Views\\pages\\admindashboard.php')
 3 SYSTEMPATH\View\View.php(237): CodeIgniter\View\View->CodeIgniter\View\{closure}()
 4 SYSTEMPATH\Common.php(1171): CodeIgniter\View\View->render('pages/admindashboard', [], true)
 5 APPPATH\Controllers\users\Order.php(20): view('pages/admindashboard', [...])
 6 SYSTEMPATH\CodeIgniter.php(933): App\Controllers\users\Order->index()
 7 SYSTEMPATH\CodeIgniter.php(509): CodeIgniter\CodeIgniter->runController(Object(App\Controllers\users\Order))
 8 SYSTEMPATH\CodeIgniter.php(355): CodeIgniter\CodeIgniter->handleRequest(null, Object(Config\Cache), false)
 9 SYSTEMPATH\Boot.php(312): CodeIgniter\CodeIgniter->run()
10 SYSTEMPATH\Boot.php(67): CodeIgniter\Boot::runCodeIgniter(Object(CodeIgniter\CodeIgniter))
11 FCPATH\index.php(56): CodeIgniter\Boot::bootWeb(Object(Config\Paths))
12 SYSTEMPATH\Commands\Server\rewrite.php(49): require_once('C:\\xampp\\htdocs\\projectuas\\ci4\\public\\index.php')
CRITICAL - 2024-06-03 00:16:30 --> ErrorException: Undefined array key "total_prices"
[Method: GET, Route: dashboard]
in APPPATH\Views\pages\admindashboard.php on line 71.
 1 APPPATH\Views\pages\admindashboard.php(71): CodeIgniter\Debug\Exceptions->errorHandler(2, 'Undefined array key "total_prices"', 'C:\\xampp\\htdocs\\projectuas\\ci4\\app\\Views\\pages\\admindashboard.php', 71)
 2 SYSTEMPATH\View\View.php(234): include('C:\\xampp\\htdocs\\projectuas\\ci4\\app\\Views\\pages\\admindashboard.php')
 3 SYSTEMPATH\View\View.php(237): CodeIgniter\View\View->CodeIgniter\View\{closure}()
 4 SYSTEMPATH\Common.php(1171): CodeIgniter\View\View->render('pages/admindashboard', [], true)
 5 APPPATH\Controllers\users\Order.php(20): view('pages/admindashboard', [...])
 6 SYSTEMPATH\CodeIgniter.php(933): App\Controllers\users\Order->index()
 7 SYSTEMPATH\CodeIgniter.php(509): CodeIgniter\CodeIgniter->runController(Object(App\Controllers\users\Order))
 8 SYSTEMPATH\CodeIgniter.php(355): CodeIgniter\CodeIgniter->handleRequest(null, Object(Config\Cache), false)
 9 SYSTEMPATH\Boot.php(312): CodeIgniter\CodeIgniter->run()
10 SYSTEMPATH\Boot.php(67): CodeIgniter\Boot::runCodeIgniter(Object(CodeIgniter\CodeIgniter))
11 FCPATH\index.php(56): CodeIgniter\Boot::bootWeb(Object(Config\Paths))
12 SYSTEMPATH\Commands\Server\rewrite.php(49): require_once('C:\\xampp\\htdocs\\projectuas\\ci4\\public\\index.php')
CRITICAL - 2024-06-03 00:18:33 --> ErrorException: Undefined array key "total_prices"
[Method: GET, Route: dashboard]
in APPPATH\Views\pages\admindashboard.php on line 71.
 1 APPPATH\Views\pages\admindashboard.php(71): CodeIgniter\Debug\Exceptions->errorHandler(2, 'Undefined array key "total_prices"', 'C:\\xampp\\htdocs\\projectuas\\ci4\\app\\Views\\pages\\admindashboard.php', 71)
 2 SYSTEMPATH\View\View.php(234): include('C:\\xampp\\htdocs\\projectuas\\ci4\\app\\Views\\pages\\admindashboard.php')
 3 SYSTEMPATH\View\View.php(237): CodeIgniter\View\View->CodeIgniter\View\{closure}()
 4 SYSTEMPATH\Common.php(1171): CodeIgniter\View\View->render('pages/admindashboard', [], true)
 5 APPPATH\Controllers\users\Order.php(20): view('pages/admindashboard', [...])
 6 SYSTEMPATH\CodeIgniter.php(933): App\Controllers\users\Order->index()
 7 SYSTEMPATH\CodeIgniter.php(509): CodeIgniter\CodeIgniter->runController(Object(App\Controllers\users\Order))
 8 SYSTEMPATH\CodeIgniter.php(355): CodeIgniter\CodeIgniter->handleRequest(null, Object(Config\Cache), false)
 9 SYSTEMPATH\Boot.php(312): CodeIgniter\CodeIgniter->run()
10 SYSTEMPATH\Boot.php(67): CodeIgniter\Boot::runCodeIgniter(Object(CodeIgniter\CodeIgniter))
11 FCPATH\index.php(56): CodeIgniter\Boot::bootWeb(Object(Config\Paths))
12 SYSTEMPATH\Commands\Server\rewrite.php(49): require_once('C:\\xampp\\htdocs\\projectuas\\ci4\\public\\index.php')
CRITICAL - 2024-06-03 00:18:57 --> ErrorException: Undefined array key "totalHarga"
[Method: GET, Route: dashboard]
in APPPATH\Views\pages\admindashboard.php on line 71.
 1 APPPATH\Views\pages\admindashboard.php(71): CodeIgniter\Debug\Exceptions->errorHandler(2, 'Undefined array key "totalHarga"', 'C:\\xampp\\htdocs\\projectuas\\ci4\\app\\Views\\pages\\admindashboard.php', 71)
 2 SYSTEMPATH\View\View.php(234): include('C:\\xampp\\htdocs\\projectuas\\ci4\\app\\Views\\pages\\admindashboard.php')
 3 SYSTEMPATH\View\View.php(237): CodeIgniter\View\View->CodeIgniter\View\{closure}()
 4 SYSTEMPATH\Common.php(1171): CodeIgniter\View\View->render('pages/admindashboard', [], true)
 5 APPPATH\Controllers\users\Order.php(20): view('pages/admindashboard', [...])
 6 SYSTEMPATH\CodeIgniter.php(933): App\Controllers\users\Order->index()
 7 SYSTEMPATH\CodeIgniter.php(509): CodeIgniter\CodeIgniter->runController(Object(App\Controllers\users\Order))
 8 SYSTEMPATH\CodeIgniter.php(355): CodeIgniter\CodeIgniter->handleRequest(null, Object(Config\Cache), false)
 9 SYSTEMPATH\Boot.php(312): CodeIgniter\CodeIgniter->run()
10 SYSTEMPATH\Boot.php(67): CodeIgniter\Boot::runCodeIgniter(Object(CodeIgniter\CodeIgniter))
11 FCPATH\index.php(56): CodeIgniter\Boot::bootWeb(Object(Config\Paths))
12 SYSTEMPATH\Commands\Server\rewrite.php(49): require_once('C:\\xampp\\htdocs\\projectuas\\ci4\\public\\index.php')
CRITICAL - 2024-06-03 00:22:27 --> ErrorException: Undefined array key "total_price"
[Method: GET, Route: dashboard]
in APPPATH\Views\pages\admindashboard.php on line 72.
 1 APPPATH\Views\pages\admindashboard.php(72): CodeIgniter\Debug\Exceptions->errorHandler(2, 'Undefined array key "total_price"', 'C:\\xampp\\htdocs\\projectuas\\ci4\\app\\Views\\pages\\admindashboard.php', 72)
 2 SYSTEMPATH\View\View.php(234): include('C:\\xampp\\htdocs\\projectuas\\ci4\\app\\Views\\pages\\admindashboard.php')
 3 SYSTEMPATH\View\View.php(237): CodeIgniter\View\View->CodeIgniter\View\{closure}()
 4 SYSTEMPATH\Common.php(1171): CodeIgniter\View\View->render('pages/admindashboard', [], true)
 5 APPPATH\Controllers\users\Order.php(20): view('pages/admindashboard', [...])
 6 SYSTEMPATH\CodeIgniter.php(933): App\Controllers\users\Order->index()
 7 SYSTEMPATH\CodeIgniter.php(509): CodeIgniter\CodeIgniter->runController(Object(App\Controllers\users\Order))
 8 SYSTEMPATH\CodeIgniter.php(355): CodeIgniter\CodeIgniter->handleRequest(null, Object(Config\Cache), false)
 9 SYSTEMPATH\Boot.php(312): CodeIgniter\CodeIgniter->run()
10 SYSTEMPATH\Boot.php(67): CodeIgniter\Boot::runCodeIgniter(Object(CodeIgniter\CodeIgniter))
11 FCPATH\index.php(56): CodeIgniter\Boot::bootWeb(Object(Config\Paths))
12 SYSTEMPATH\Commands\Server\rewrite.php(49): require_once('C:\\xampp\\htdocs\\projectuas\\ci4\\public\\index.php')
CRITICAL - 2024-06-03 00:56:15 --> ErrorException: Undefined array key 2
[Method: GET, Route: dashboard]
in APPPATH\Views\pages\admindashboard.php on line 72.
 1 APPPATH\Views\pages\admindashboard.php(72): CodeIgniter\Debug\Exceptions->errorHandler(2, 'Undefined array key 2', 'C:\\xampp\\htdocs\\projectuas\\ci4\\app\\Views\\pages\\admindashboard.php', 72)
 2 SYSTEMPATH\View\View.php(234): include('C:\\xampp\\htdocs\\projectuas\\ci4\\app\\Views\\pages\\admindashboard.php')
 3 SYSTEMPATH\View\View.php(237): CodeIgniter\View\View->CodeIgniter\View\{closure}()
 4 SYSTEMPATH\Common.php(1171): CodeIgniter\View\View->render('pages/admindashboard', [], true)
 5 APPPATH\Controllers\users\Order.php(20): view('pages/admindashboard', [...])
 6 SYSTEMPATH\CodeIgniter.php(933): App\Controllers\users\Order->index()
 7 SYSTEMPATH\CodeIgniter.php(509): CodeIgniter\CodeIgniter->runController(Object(App\Controllers\users\Order))
 8 SYSTEMPATH\CodeIgniter.php(355): CodeIgniter\CodeIgniter->handleRequest(null, Object(Config\Cache), false)
 9 SYSTEMPATH\Boot.php(312): CodeIgniter\CodeIgniter->run()
10 SYSTEMPATH\Boot.php(67): CodeIgniter\Boot::runCodeIgniter(Object(CodeIgniter\CodeIgniter))
11 FCPATH\index.php(56): CodeIgniter\Boot::bootWeb(Object(Config\Paths))
12 SYSTEMPATH\Commands\Server\rewrite.php(49): require_once('C:\\xampp\\htdocs\\projectuas\\ci4\\public\\index.php')
CRITICAL - 2024-06-03 00:56:29 --> ErrorException: Undefined array key 2
[Method: GET, Route: dashboard]
in APPPATH\Views\pages\admindashboard.php on line 72.
 1 APPPATH\Views\pages\admindashboard.php(72): CodeIgniter\Debug\Exceptions->errorHandler(2, 'Undefined array key 2', 'C:\\xampp\\htdocs\\projectuas\\ci4\\app\\Views\\pages\\admindashboard.php', 72)
 2 SYSTEMPATH\View\View.php(234): include('C:\\xampp\\htdocs\\projectuas\\ci4\\app\\Views\\pages\\admindashboard.php')
 3 SYSTEMPATH\View\View.php(237): CodeIgniter\View\View->CodeIgniter\View\{closure}()
 4 SYSTEMPATH\Common.php(1171): CodeIgniter\View\View->render('pages/admindashboard', [], true)
 5 APPPATH\Controllers\users\Order.php(20): view('pages/admindashboard', [...])
 6 SYSTEMPATH\CodeIgniter.php(933): App\Controllers\users\Order->index()
 7 SYSTEMPATH\CodeIgniter.php(509): CodeIgniter\CodeIgniter->runController(Object(App\Controllers\users\Order))
 8 SYSTEMPATH\CodeIgniter.php(355): CodeIgniter\CodeIgniter->handleRequest(null, Object(Config\Cache), false)
 9 SYSTEMPATH\Boot.php(312): CodeIgniter\CodeIgniter->run()
10 SYSTEMPATH\Boot.php(67): CodeIgniter\Boot::runCodeIgniter(Object(CodeIgniter\CodeIgniter))
11 FCPATH\index.php(56): CodeIgniter\Boot::bootWeb(Object(Config\Paths))
12 SYSTEMPATH\Commands\Server\rewrite.php(49): require_once('C:\\xampp\\htdocs\\projectuas\\ci4\\public\\index.php')
CRITICAL - 2024-06-03 01:03:46 --> ParseError: syntax error, unexpected token "endfor"
[Method: GET, Route: dashboard]
in APPPATH\Views\pages\admindashboard.php on line 92.
 1 SYSTEMPATH\View\View.php(237): CodeIgniter\View\View->CodeIgniter\View\{closure}()
 2 SYSTEMPATH\Common.php(1171): CodeIgniter\View\View->render('pages/admindashboard', [], true)
 3 APPPATH\Controllers\users\Order.php(20): view('pages/admindashboard', [...])
 4 SYSTEMPATH\CodeIgniter.php(933): App\Controllers\users\Order->index()
 5 SYSTEMPATH\CodeIgniter.php(509): CodeIgniter\CodeIgniter->runController(Object(App\Controllers\users\Order))
 6 SYSTEMPATH\CodeIgniter.php(355): CodeIgniter\CodeIgniter->handleRequest(null, Object(Config\Cache), false)
 7 SYSTEMPATH\Boot.php(312): CodeIgniter\CodeIgniter->run()
 8 SYSTEMPATH\Boot.php(67): CodeIgniter\Boot::runCodeIgniter(Object(CodeIgniter\CodeIgniter))
 9 FCPATH\index.php(56): CodeIgniter\Boot::bootWeb(Object(Config\Paths))
10 SYSTEMPATH\Commands\Server\rewrite.php(49): require_once('C:\\xampp\\htdocs\\projectuas\\ci4\\public\\index.php')
CRITICAL - 2024-06-03 01:05:10 --> ParseError: syntax error, unexpected single-quoted string "item_total_price", expecting ")"
[Method: GET, Route: dashboard]
in APPPATH\Views\pages\admindashboard.php on line 71.
 1 SYSTEMPATH\View\View.php(237): CodeIgniter\View\View->CodeIgniter\View\{closure}()
 2 SYSTEMPATH\Common.php(1171): CodeIgniter\View\View->render('pages/admindashboard', [], true)
 3 APPPATH\Controllers\users\Order.php(20): view('pages/admindashboard', [...])
 4 SYSTEMPATH\CodeIgniter.php(933): App\Controllers\users\Order->index()
 5 SYSTEMPATH\CodeIgniter.php(509): CodeIgniter\CodeIgniter->runController(Object(App\Controllers\users\Order))
 6 SYSTEMPATH\CodeIgniter.php(355): CodeIgniter\CodeIgniter->handleRequest(null, Object(Config\Cache), false)
 7 SYSTEMPATH\Boot.php(312): CodeIgniter\CodeIgniter->run()
 8 SYSTEMPATH\Boot.php(67): CodeIgniter\Boot::runCodeIgniter(Object(CodeIgniter\CodeIgniter))
 9 FCPATH\index.php(56): CodeIgniter\Boot::bootWeb(Object(Config\Paths))
10 SYSTEMPATH\Commands\Server\rewrite.php(49): require_once('C:\\xampp\\htdocs\\projectuas\\ci4\\public\\index.php')
